<?xml version="1.0" encoding="UTF-8"?>
<!-- Generated by org.testng.reporters.JUnitReportReporter -->
<testsuite skipped="0" hostname="Mds-MacBook-Pro" name="com.employeeapi.testCases.TC004_Put_Employee_Record" tests="8" failures="0" timestamp="2019-11-14T20:23:53 EST" time="0.021" errors="0">
  <testcase name="checkStatusLine" time="0.004" classname="com.employeeapi.testCases.TC004_Put_Employee_Record"/>
  <testcase name="checkContentEncoding" time="0.003" classname="com.employeeapi.testCases.TC004_Put_Employee_Record"/>
  <testcase name="checkStatusCode" time="0.001" classname="com.employeeapi.testCases.TC004_Put_Employee_Record"/>
  <testcase name="checkResponseBody" time="0.001" classname="com.employeeapi.testCases.TC004_Put_Employee_Record"/>
  <testcase name="checkContentType" time="0.003" classname="com.employeeapi.testCases.TC004_Put_Employee_Record"/>
  <testcase name="checkCookies" time="0.002" classname="com.employeeapi.testCases.TC004_Put_Employee_Record"/>
  <testcase name="checkServerType" time="0.005" classname="com.employeeapi.testCases.TC004_Put_Employee_Record"/>
  <testcase name="checkContentLength" time="0.002" classname="com.employeeapi.testCases.TC004_Put_Employee_Record"/>
</testsuite> <!-- com.employeeapi.testCases.TC004_Put_Employee_Record -->
